\BOOKMARK [0][-]{chapter.1}{\376\377\000d\000m\000a\000r\000c\000\137\000r\000e\000p\000o\000r\000t}{}% 1
\BOOKMARK [1][-]{section.1.1}{\376\377\000O\000v\000e\000r\000v\000i\000e\000w}{chapter.1}% 2
\BOOKMARK [1][-]{section.1.2}{\376\377\000N\000e\000w\000\040\000/\000\040\000I\000n\000t\000e\000r\000e\000s\000t\000i\000n\000g}{chapter.1}% 3
\BOOKMARK [0][-]{chapter.2}{\376\377\000G\000e\000t\000t\000i\000n\000g\000\040\000S\000t\000a\000r\000t\000e\000d}{}% 4
\BOOKMARK [1][-]{section.2.1}{\376\377\000A\000p\000p\000l\000i\000c\000a\000t\000i\000o\000n\000s}{chapter.2}% 5
\BOOKMARK [2][-]{subsection.2.1.1}{\376\377\000Q\000u\000i\000c\000k\000\040\000s\000t\000a\000r\000t}{section.2.1}% 6
\BOOKMARK [2][-]{subsection.2.1.2}{\376\377\000C\000o\000n\000f\000i\000g\000\040\000F\000i\000l\000e\000s}{section.2.1}% 7
\BOOKMARK [2][-]{subsection.2.1.3}{\376\377\000d\000m\000a\000r\000c\000-\000r\000p\000t\000\040\000U\000s\000a\000g\000e}{section.2.1}% 8
\BOOKMARK [2][-]{subsection.2.1.4}{\376\377\000t\000l\000s\000-\000r\000p\000t\000\040\000U\000s\000a\000g\000e}{section.2.1}% 9
\BOOKMARK [2][-]{subsection.2.1.5}{\376\377\000C\000o\000m\000m\000o\000n\000\040\000O\000p\000t\000i\000o\000n\000s}{section.2.1}% 10
\BOOKMARK [2][-]{subsection.2.1.6}{\376\377\000d\000m\000a\000r\000c\000-\000r\000p\000t\000\040\000S\000p\000e\000c\000i\000f\000i\000c\000\040\000O\000p\000t\000i\000o\000n\000s}{section.2.1}% 11
\BOOKMARK [1][-]{section.2.2}{\376\377\000S\000a\000v\000i\000n\000g\000\040\000E\000m\000a\000i\000l\000\040\000R\000e\000p\000o\000r\000t\000s\000\040\000F\000r\000o\000m\000\040\000E\000m\000a\000i\000l\000\040\000C\000l\000i\000e\000n\000t}{chapter.2}% 12
\BOOKMARK [0][-]{chapter.3}{\376\377\000A\000p\000p\000e\000n\000d\000i\000x}{}% 13
\BOOKMARK [1][-]{section.3.1}{\376\377\000D\000e\000p\000e\000n\000d\000e\000n\000c\000i\000e\000s}{chapter.3}% 14
\BOOKMARK [1][-]{section.3.2}{\376\377\000I\000n\000s\000t\000a\000l\000l\000a\000t\000i\000o\000n}{chapter.3}% 15
\BOOKMARK [1][-]{section.3.3}{\376\377\000P\000h\000i\000l\000o\000s\000o\000p\000h\000y}{chapter.3}% 16
\BOOKMARK [1][-]{section.3.4}{\376\377\000L\000i\000c\000e\000n\000s\000e}{chapter.3}% 17
\BOOKMARK [0][-]{chapter.4}{\376\377\000S\000M\000T\000P\000\040\000t\000l\000s\000-\000r\000p\000t}{}% 18
\BOOKMARK [1][-]{section.4.1}{\376\377\000O\000v\000e\000r\000v\000i\000e\000w}{chapter.4}% 19
\BOOKMARK [2][-]{subsection.4.1.1}{\376\377\000U\000s\000a\000g\000e}{section.4.1}% 20
\BOOKMARK [3][-]{subsubsection*.5}{\376\377\000B\000a\000c\000k\000g\000r\000o\000u\000n\000d}{subsection.4.1.1}% 21
\BOOKMARK [3][-]{subsubsection*.11}{\376\377\000D\000i\000s\000c\000u\000s\000s\000i\000o\000n}{subsection.4.1.1}% 22
\BOOKMARK [2][-]{subsection.4.1.2}{\376\377\000T\000L\000S\000\040\000R\000e\000p\000o\000r\000t\000\040\000D\000N\000S\000\040\000R\000e\000c\000o\000r\000d}{section.4.1}% 23
\BOOKMARK [2][-]{subsection.4.1.3}{\376\377\000M\000T\000A\000-\000S\000T\000S}{section.4.1}% 24
\BOOKMARK [2][-]{subsection.4.1.4}{\376\377\000D\000A\000N\000E\000\040\000T\000L\000S\000A}{section.4.1}% 25
\BOOKMARK [3][-]{subsubsection*.12}{\376\377\000U\000s\000i\000n\000g\000\040\000t\000l\000s\000-\000r\000p\000t}{subsection.4.1.4}% 26
\BOOKMARK [2][-]{subsection.4.1.5}{\376\377\000t\000l\000s\000-\000r\000p\000t\000\040\000O\000p\000t\000i\000o\000n\000s}{section.4.1}% 27
\BOOKMARK [2][-]{subsection.4.1.6}{\376\377\000S\000a\000v\000i\000n\000g\000\040\000E\000m\000a\000i\000l\000\040\000R\000e\000p\000o\000r\000t\000s\000\040\000F\000r\000o\000m\000\040\000E\000m\000a\000i\000l\000\040\000C\000l\000i\000e\000n\000t}{section.4.1}% 28
\BOOKMARK [2][-]{subsection.4.1.7}{\376\377\000L\000i\000c\000e\000n\000s\000e}{section.4.1}% 29
\BOOKMARK [0][-]{chapter.5}{\376\377\000C\000h\000a\000n\000g\000e\000l\000o\000g}{}% 30
\BOOKMARK [0][-]{chapter.6}{\376\377\000M\000I\000T\000\040\000L\000i\000c\000e\000n\000s\000e}{}% 31
\BOOKMARK [0][-]{chapter.7}{\376\377\000H\000o\000w\000\040\000t\000o\000\040\000h\000e\000l\000p\000\040\000w\000i\000t\000h\000\040\000t\000h\000i\000s\000\040\000p\000r\000o\000j\000e\000c\000t}{}% 32
\BOOKMARK [1][-]{section.7.1}{\376\377\000I\000m\000p\000o\000r\000t\000a\000n\000t\000\040\000r\000e\000s\000o\000u\000r\000c\000e\000s}{chapter.7}% 33
\BOOKMARK [1][-]{section.7.2}{\376\377\000R\000e\000p\000o\000r\000t\000i\000n\000g\000\040\000B\000u\000g\000s\000\040\000o\000r\000\040\000f\000e\000a\000t\000u\000r\000e\000\040\000r\000e\000q\000u\000e\000s\000t\000s}{chapter.7}% 34
\BOOKMARK [1][-]{section.7.3}{\376\377\000C\000o\000d\000e\000\040\000C\000h\000a\000n\000g\000e\000s}{chapter.7}% 35
\BOOKMARK [0][-]{chapter.8}{\376\377\000C\000o\000n\000t\000r\000i\000b\000u\000t\000o\000r\000\040\000C\000o\000v\000e\000n\000a\000n\000t\000\040\000C\000o\000d\000e\000\040\000o\000f\000\040\000C\000o\000n\000d\000u\000c\000t}{}% 36
\BOOKMARK [1][-]{section.8.1}{\376\377\000O\000u\000r\000\040\000P\000l\000e\000d\000g\000e}{chapter.8}% 37
\BOOKMARK [1][-]{section.8.2}{\376\377\000O\000u\000r\000\040\000S\000t\000a\000n\000d\000a\000r\000d\000s}{chapter.8}% 38
\BOOKMARK [1][-]{section.8.3}{\376\377\000O\000u\000r\000\040\000R\000e\000s\000p\000o\000n\000s\000i\000b\000i\000l\000i\000t\000i\000e\000s}{chapter.8}% 39
\BOOKMARK [1][-]{section.8.4}{\376\377\000S\000c\000o\000p\000e}{chapter.8}% 40
\BOOKMARK [1][-]{section.8.5}{\376\377\000E\000n\000f\000o\000r\000c\000e\000m\000e\000n\000t}{chapter.8}% 41
\BOOKMARK [1][-]{section.8.6}{\376\377\000A\000t\000t\000r\000i\000b\000u\000t\000i\000o\000n}{chapter.8}% 42
\BOOKMARK [1][-]{section.8.7}{\376\377\000I\000n\000t\000e\000r\000p\000r\000e\000t\000a\000t\000i\000o\000n}{chapter.8}% 43
\BOOKMARK [0][-]{chapter.9}{\376\377\000I\000n\000d\000i\000c\000e\000s\000\040\000a\000n\000d\000\040\000t\000a\000b\000l\000e\000s}{}% 44
